{
  "RSpec": {
    "coverage": {
      "/Users/poornimaanantharaman/ecommerce_scraper/app/helpers/application_helper.rb": {
        "lines": [
          1,
          null
        ]
      },
      "/Users/poornimaanantharaman/ecommerce_scraper/app/helpers/categories_helper.rb": {
        "lines": [
          1,
          null
        ]
      },
      "/Users/poornimaanantharaman/ecommerce_scraper/app/helpers/products_helper.rb": {
        "lines": [
          1,
          null
        ]
      },
      "/Users/poornimaanantharaman/ecommerce_scraper/app/controllers/products_controller.rb": {
        "lines": [
          1,
          1,
          null,
          1,
          1,
          null,
          null,
          1,
          1,
          null,
          null,
          1,
          0,
          null,
          null,
          null,
          1,
          0,
          0,
          null,
          null,
          1,
          0,
          0,
          null,
          0,
          0,
          0,
          null,
          0,
          null,
          0,
          0,
          null,
          0,
          null,
          null,
          null,
          1,
          0,
          0,
          null,
          0,
          null,
          null,
          null,
          1,
          0,
          null,
          0,
          0,
          null,
          null,
          0,
          0,
          null,
          null,
          0,
          0,
          null,
          null,
          null,
          null,
          1,
          0,
          0,
          null,
          null,
          1,
          null,
          1,
          1,
          null,
          null,
          1,
          0,
          null,
          null
        ]
      },
      "/Users/poornimaanantharaman/ecommerce_scraper/app/controllers/application_controller.rb": {
        "lines": [
          1,
          null,
          1,
          null
        ]
      },
      "/Users/poornimaanantharaman/ecommerce_scraper/app/jobs/update_product_job.rb": {
        "lines": [
          1,
          1,
          null,
          1,
          1,
          1,
          0,
          0,
          null,
          null,
          1,
          0,
          0,
          null,
          null,
          1,
          1,
          null,
          null
        ]
      },
      "/Users/poornimaanantharaman/ecommerce_scraper/app/jobs/application_job.rb": {
        "lines": [
          1,
          null,
          null,
          null,
          null,
          null,
          null
        ]
      },
      "/Users/poornimaanantharaman/ecommerce_scraper/app/services/scraper_service.rb": {
        "lines": [
          1,
          1,
          null,
          1,
          1,
          2,
          1,
          1,
          null,
          null,
          1,
          null,
          1,
          0,
          0,
          null,
          null,
          1,
          null,
          null,
          1,
          null,
          null,
          null,
          null,
          null,
          null,
          null,
          null,
          null,
          null,
          1,
          1,
          null,
          1,
          null,
          null,
          1,
          1,
          null,
          null,
          1,
          null,
          null,
          null,
          null
        ]
      },
      "/Users/poornimaanantharaman/ecommerce_scraper/app/models/product.rb": {
        "lines": [
          1,
          1,
          null
        ]
      },
      "/Users/poornimaanantharaman/ecommerce_scraper/app/models/application_record.rb": {
        "lines": [
          1,
          1,
          null
        ]
      },
      "/Users/poornimaanantharaman/ecommerce_scraper/app/models/category.rb": {
        "lines": [
          1,
          1,
          null
        ]
      },
      "/Users/poornimaanantharaman/ecommerce_scraper/app/controllers/categories_controller.rb": {
        "lines": [
          0,
          0,
          null,
          null,
          0,
          0,
          0,
          null,
          null,
          0,
          0,
          null,
          null,
          0,
          0,
          0,
          null,
          null,
          0,
          0,
          null,
          null,
          0,
          0,
          null,
          0,
          0,
          0,
          0,
          0,
          0,
          0,
          0,
          0,
          0,
          null,
          null,
          0,
          0,
          0,
          0,
          0,
          0,
          0,
          0,
          0,
          0,
          0,
          null,
          null,
          0,
          0,
          null,
          0,
          0,
          0,
          0,
          0,
          null,
          0,
          null,
          0,
          0,
          0,
          null,
          null,
          0,
          0,
          0,
          0
        ],
        "branches": {}
      },
      "/Users/poornimaanantharaman/ecommerce_scraper/app/mailers/application_mailer.rb": {
        "lines": [
          0,
          0,
          0,
          0
        ],
        "branches": {}
      }
    },
    "timestamp": 1740240910
  }
}
